commit bdbc573579155e57ab3c35a9fdd2237c16e0d34b
Author: Alan Ma <alanma0907@utexas.edu>
Date:   Thu Nov 3 21:45:04 2016 -0500

    put test on about

commit 82905cfc78091585aeb77f259d830487d16c751e
Merge: f5b68ab 1dfb1df
Author: Alan Ma <alanma0907@utexas.edu>
Date:   Thu Nov 3 21:12:44 2016 -0500

    Merge branch 'dev'

commit 1dfb1df2459b45c94df28df20e5a3221aa6912cd
Author: Seth Milligan <milligan@cs.utexas.edu>
Date:   Thu Nov 3 21:11:31 2016 -0500

    Update tests

commit f5b68ab36ab478a692c0e29d737b3e158c534565
Author: Jessica Lindee <jesslindee@utexas.edu>
Date:   Thu Nov 3 21:10:36 2016 -0500

    Update links in API Description file from Apiary.io

commit f0c55463e938ac93e933ca38d67df5e3b9e0c665
Author: Jessica Lindee <jesslindee@utexas.edu>
Date:   Thu Nov 3 20:55:54 2016 -0500

    Transferring Updated API Description file from Apiary.io

commit 2145f2d2eb2bd7e5e7d84417c6fc5aef0721ad32
Merge: 901d873 504c5eb
Author: Alan Ma <alanma0907@utexas.edu>
Date:   Thu Nov 3 20:28:53 2016 -0500

    Merge branch 'dev' of https://github.com/Sethalopod/cs373-idb into dev

commit 901d873400ad38f480ea4e1ee4bcc2d04cc9c0b7
Author: Alan Ma <alanma0907@utexas.edu>
Date:   Thu Nov 3 20:28:41 2016 -0500

    linking pillars

commit 504c5ebb5680e86415c2c024e796875c2c26d0e1
Author: Seth Milligan <Sethalopod@users.noreply.github.com>
Date:   Thu Nov 3 17:34:41 2016 -0500

    Update UML diagram

commit a01fdbca9dd83bb679476cfc99060f3a96ce41a7
Author: Alan Ma <alanma0907@utexas.edu>
Date:   Thu Nov 3 16:07:17 2016 -0500

    update requirements

commit 4f7714f64890abadc94ac868e17fa9ee2e8002dd
Author: Alan Ma <alanma0907@utexas.edu>
Date:   Thu Nov 3 16:02:08 2016 -0500

    update detail pictures with default

commit 85bb9f9b40b7599beb49b3e8d0ce53d0c5dfda04
Author: Alan Ma <alanma0907@utexas.edu>
Date:   Thu Nov 3 14:48:44 2016 -0500

    remove unused detail

commit 1ef3abffa26a64074deaad57a44898247ef82b1f
Author: Alan Ma <alanma0907@utexas.edu>
Date:   Thu Nov 3 14:46:03 2016 -0500

    all data populate fine

commit a5092aa3a4db05f45e5a3bedfdd104c72b49f657
Author: Alan Ma <alanma0907@utexas.edu>
Date:   Thu Nov 3 14:20:11 2016 -0500

    switch to config

commit c9c1479f5e96435da99a0e202855568a0669384e
Merge: 2819ca6 e13f512
Author: Alan Ma <alanma0907@utexas.edu>
Date:   Thu Nov 3 13:20:18 2016 -0500

    Merge branch 'feature/newModels' of https://github.com/Sethalopod/cs373-idb into feature/newModels

commit 2819ca6dd5804348b79e1a67e1221b07f360fabb
Merge: 2884901 bdfb6fe
Author: Alan Ma <alanma0907@utexas.edu>
Date:   Thu Nov 3 13:01:17 2016 -0500

    fix merges

commit 288490138fad498cbd7c760dd205bb8b3fe41055
Merge: a9e1f88 e35a3a7
Author: Alan Ma <alanma0907@utexas.edu>
Date:   Thu Nov 3 12:54:59 2016 -0500

    Merge branch 'feature/unittest' into dev

commit e35a3a7bc0b361184b8946874da5d76f6d8a2ac1
Author: Alan Ma <alanma0907@utexas.edu>
Date:   Thu Nov 3 12:50:24 2016 -0500

    uncomment test to pass travis

commit bdfb6fe721bf47017c27d6fd5b6c72a5d10376b6
Author: Jessica Lindee <jlindee@cs.utexas.edu>
Date:   Thu Nov 3 12:31:52 2016 -0500

    Begin to populate tables using our API

commit 7452b93e44b44091b78011c58608ee5338181a21
Author: Jessica Lindee <jlindee@cs.utexas.edu>
Date:   Thu Nov 3 12:30:50 2016 -0500

    Fix recipe call

commit e13f5123ad5ecd9ee9765983bdc7ea755b26b1e7
Author: Seth Milligan <milligan@cs.utexas.edu>
Date:   Thu Nov 3 04:58:10 2016 -0500

    Update models

commit bb51e621156f704bc36712e5139a23fc1302322c
Author: Jessica Lindee <jlindee@cs.utexas.edu>
Date:   Thu Nov 3 01:04:28 2016 -0500

    Fix cuisine querying to properly make json

commit 4d5eb2d4da3381c31d97a715d368cf0452ba03c1
Author: Jessica Lindee <jesslindee@utexas.edu>
Date:   Thu Nov 3 00:21:46 2016 -0500

    fix dict copy in get_cuisines

commit afed582ba6e7b9bdf97f87e473f4f32003902eb5
Author: Alan Ma <alanma0907@utexas.edu>
Date:   Wed Nov 2 20:38:46 2016 -0500

    created unittest route

commit a9e1f88d6ab5bb3cd85856583b82e50568fb92f6
Merge: 4e7fae5 1104dda
Author: Anthony Gallop <agallop@cs.utexas.edu>
Date:   Wed Nov 2 17:42:58 2016 -0500

    Splash page merge

commit 1104dda4d9a0c587df43fdab4e26a3ba9bd35272
Author: Anthony Gallop <agallop@cs.utexas.edu>
Date:   Wed Nov 2 17:13:56 2016 -0500

    Landing Jumbotron

commit dd9d79ef50c7c6ca2767ec3b140766c646f55d26
Author: Anthony Gallop <agallop@cs.utexas.edu>
Date:   Wed Nov 2 14:42:30 2016 -0500

    Splash carousel background

commit 4e7fae5765eac9b7160bd0a12704811412ce3126
Author: Alan Ma <alanma0907@utexas.edu>
Date:   Wed Nov 2 11:43:31 2016 -0500

    unstage wsgi

commit cfec7fa42f45c2cff49112729a78007a435a3843
Author: Alan Ma <alanma0907@utexas.edu>
Date:   Wed Nov 2 10:08:49 2016 -0500

    remove mac files

commit de7ef3a6696f01f1936ace1d7abed32646f82528
Author: Alan Ma <alanma0907@utexas.edu>
Date:   Tue Nov 1 20:16:26 2016 -0500

    update makefile for server side checks

commit 7d0704b0163cad4241484789572f0165ce63652c
Merge: 0416d53 5fa3e7f
Author: Seth Milligan <milligan@cs.utexas.edu>
Date:   Tue Nov 1 19:12:07 2016 -0500

    Merge branch 'dev'

commit 5fa3e7fec00857fd6ad03e9d267efe7e588243e3
Author: Seth Milligan <milligan@cs.utexas.edu>
Date:   Tue Nov 1 19:08:21 2016 -0500

    Update makefile and travis config to fix travis

commit 0e32eb5286a00dcb14a5f47aa03d8226916e0229
Author: Seth Milligan <milligan@cs.utexas.edu>
Date:   Tue Nov 1 19:02:37 2016 -0500

    Update unit test created count

commit fad2cb3f5f9b13e2dff473802adb499ab026f3e0
Author: Seth Milligan <milligan@cs.utexas.edu>
Date:   Tue Nov 1 18:51:07 2016 -0500

    Add search feature to dataTables and allow more rows per table before pagination

commit 8386716c57c8a377219c8ae3daf9bf1bb1938027
Author: Jessica Lindee <jesslindee@utexas.edu>
Date:   Tue Nov 1 13:37:29 2016 -0500

    remove flask_sqlalchemy import

commit b226d9e5d8f5a7bd4ec6d9a15ac3c84c84fbb194
Author: Jessica Lindee <jlindee@cs.utexas.edu>
Date:   Tue Nov 1 13:32:25 2016 -0500

    Start the api.  Works with ingredients/ingredient

commit 0416d530c4f3bcad444da9e7f76ee81236a7dd76
Merge: 70e3981 f98c5f9
Author: Alan Ma <alanma0907@utexas.edu>
Date:   Tue Nov 1 12:39:52 2016 -0500

    Merge branch 'dev'

commit f98c5f96d2b65dc8d534595bd8aef574e07bfce7
Author: Alan Ma <alanma0907@utexas.edu>
Date:   Mon Oct 31 21:33:48 2016 -0500

    add google analytics

commit 70e39818c5f102c9d0df28dd40b6ce18275398e7
Merge: 8f34a7f 49ff5fd
Author: Alan Ma <alanma0907@utexas.edu>
Date:   Mon Oct 31 18:30:21 2016 -0500

    Merge branch 'dev'

commit 49ff5fd8b86526fa9a72bfd2a49fe64fad4801dd
Author: Alan Ma <alanma0907@utexas.edu>
Date:   Mon Oct 31 18:29:46 2016 -0500

    fix misspelling

commit 9eadfc057ffa610e43080e6b1d2de1d68bef4179
Author: Alan Ma <alanma0907@utexas.edu>
Date:   Mon Oct 31 17:43:31 2016 -0500

    update make and new log

commit 8467186145cac301bdd95637f9ae9e3c1fb6bd97
Merge: 6185787 fdf62cf
Author: Alan Ma <alanma0907@utexas.edu>
Date:   Mon Oct 31 17:41:58 2016 -0500

    Merge branch 'dev' of https://github.com/Sethalopod/cs373-idb into dev

commit 8f34a7f2323c79f3156e330f3774fdb3e0feb741
Merge: a151e1b fdf62cf
Author: Seth Milligan <seth.milligan@gmail.com>
Date:   Mon Oct 31 17:41:45 2016 -0500

    Merge remote-tracking branch 'refs/remotes/origin/dev'

commit fdf62cfc9b5e50aa575e791eebc21d022fc275cb
Merge: b8772af a6623e4
Author: Seth Milligan <seth.milligan@gmail.com>
Date:   Mon Oct 31 17:40:47 2016 -0500

    Merge remote-tracking branch 'refs/remotes/origin/bug/scrollbars' into dev

commit a6623e45d561bf011a1e29767115719e69102465
Author: Seth Milligan <seth.milligan@gmail.com>
Date:   Mon Oct 31 17:39:29 2016 -0500

    Update overflow style to remove scrollbars on desktop

commit 61857875565737f460201e20c5525e7441793284
Author: Alan Ma <alanma0907@utexas.edu>
Date:   Mon Oct 31 17:11:38 2016 -0500

    add new requirement target

commit b8772afaf21fb1b03b96238f676161668043d95b
Merge: a151e1b b94675a
Author: Alan Ma <alanma0907@utexas.edu>
Date:   Mon Oct 31 17:03:54 2016 -0500

    Merge branch 'feature/alan' into dev

commit b94675a5c79e10b02b2480d5db45b5e3c5c5c9fb
Author: Alan Ma <alanma0907@utexas.edu>
Date:   Mon Oct 31 17:02:15 2016 -0500

    add classmate's db

commit a151e1b7d1e7b4d94b2316d74e17c635653ad861
Author: Seth Milligan <milligan@cs.utexas.edu>
Date:   Mon Oct 31 14:21:53 2016 -0500

    Add pagination to all data tables

commit a92a9882185c3b127dd45631077ffbe78da5b880
Author: Seth Milligan <seth.milligan@gmail.com>
Date:   Mon Oct 31 01:22:47 2016 -0500

    Add pagination logic to cuisine page

commit 2e7054248c733a085ca14df5c1eb764d6368adce
Author: Seth Milligan <seth.milligan@gmail.com>
Date:   Mon Oct 31 01:03:11 2016 -0500

    Include dependecy in app.js

commit b734b5d01cfcb64a77ab21c92bd34d1e6ddf5f20
Author: Seth Milligan <seth.milligan@gmail.com>
Date:   Mon Oct 31 01:02:58 2016 -0500

    Include dirPagination module in index

commit e8ab65e88d7e4f85f9fb8226ae1ee6322705c144
Author: Seth Milligan <seth.milligan@gmail.com>
Date:   Mon Oct 31 01:02:44 2016 -0500

    Add dirPagination module

commit b0bf076681a831cef7338e160af2076de7bbe814
Author: Alan Ma <alanma0907@utexas.edu>
Date:   Wed Oct 26 19:47:05 2016 -0500

    adenhanced zebra tables

commit 6dd0b59bc4eb7dc67d65103c247343ef4d2c1358
Author: Alan Ma <alanma0907@utexas.edu>
Date:   Wed Oct 26 19:44:41 2016 -0500

    add divider between team m and stats

commit 39401db2a1996fe356332b5a837ae8d8ba24063f
Author: Alan Ma <alanma0907@utexas.edu>
Date:   Wed Oct 26 19:24:42 2016 -0500

    fix github issues counts

commit 10fde72b1e7a367e1246f59f14c5abc393ff84d2
Author: Seth Milligan <seth.milligan@gmail.com>
Date:   Wed Oct 26 15:16:50 2016 -0500

    Transferring API Description file from Apiary.io

commit 11b56ab5f4de709cac79b8a27e2ffce37026920f
Author: Alan Ma <alanma0907@utexas.edu>
Date:   Sun Oct 23 21:55:39 2016 -0500

    fix animation for mobile

commit 17278215e8d8f97da3ff8d80dc68f73a0b92cc3a
Author: Alan Ma <alanma0907@utexas.edu>
Date:   Sun Oct 23 21:41:08 2016 -0500

    expand from middle hover

commit 5e08d2fa3481d2aa6edc441dbccdf9b2afdd561f
Author: Alan Ma <alanma0907@utexas.edu>
Date:   Sun Oct 23 18:49:20 2016 -0500

    add favicon and other logo types

commit 0d52bfb26ea97681cd9367fe16749b44b636b661
Author: Alan Ma <alanma0907@utexas.edu>
Date:   Sun Oct 23 18:48:37 2016 -0500

    revamp navbar

commit 4a5a0281e865a61b4649af0a41e995be8def4e26
Author: Alan Ma <alanma0907@utexas.edu>
Date:   Sat Oct 22 00:24:27 2016 -0500

    added logo images and to nav

commit c1601f97a7e5cb9e009fbd7a739a3fc8f3a59575
Author: Alan Ma <alanma0907@utexas.edu>
Date:   Sat Oct 22 00:14:13 2016 -0500

    automate issue counting

commit d410fa487f086f57b48e0484baf00a0542f79a6a
Author: Alan Ma <alanma0907@utexas.edu>
Date:   Fri Oct 21 23:45:38 2016 -0500

    deleted unnecessary image files

commit d5434be6d563f9c0c4058b2b6a9e0bc95181e6c3
Author: Alan Ma <alanma0907@utexas.edu>
Date:   Fri Oct 21 23:40:04 2016 -0500

    fix five item row overlap

commit 2cc80487b210959b5bbaa76a90394a7820d7f144
Author: Alan Ma <alanma0907@utexas.edu>
Date:   Fri Oct 21 23:37:30 2016 -0500

    add five item rows

commit d487d9e4485fbe6cf2aa77c3507ce8d0c942eb6c
Author: Alan Ma <alanma0907@utexas.edu>
Date:   Fri Oct 21 23:32:36 2016 -0500

    readd fix more linkables

commit 8c5c1231870badf05b99ca2d3827d378006bc3e5
Author: Alan Ma <alanma0907@utexas.edu>
Date:   Fri Oct 21 23:17:28 2016 -0500

    reformatted about page but no style

commit 12211aa8cdafdcbadc4d5e7ac8ccaf57da84b670
Author: Alan Ma <alanma0907@utexas.edu>
Date:   Fri Oct 21 22:25:06 2016 -0500

    adnew contributor format

commit 01541415a500a5e0d72529246c3607cc451638ae
Author: Alan Ma <alanma0907@utexas.edu>
Date:   Fri Oct 21 21:09:39 2016 -0500

    add github factory for commits and photos

commit e9872a9d5eae6a26c6c09b9e427a7f8de70298e9
Author: Alan Ma <alanma0907@utexas.edu>
Date:   Fri Oct 21 19:58:29 2016 -0500

    fixed bad controller to conform to files

commit a08191cb06cc1dcc76c01e20e2e91eaf66251105
Author: Alan Ma <alanma0907@utexas.edu>
Date:   Fri Oct 21 18:53:17 2016 -0500

    rename service to factory

commit 675d4a141538b6b2f40d8f9a3102a705152a283a
Merge: 926e8e9 e1da136
Author: Seth Milligan <milligan@cs.utexas.edu>
Date:   Thu Oct 20 21:19:11 2016 -0500

    Merge branch 'dev'

commit 926e8e9ea93d8f6d866bdf6391aa31025482a9e9
Merge: f01203e 0abe7a0
Author: Jessica Lindee <jlindee@cs.utexas.edu>
Date:   Thu Oct 20 21:17:31 2016 -0500

    Merge branch 'master' of https://github.com/Sethalopod/cs373-idb

commit f01203e05321cc74dbbaed1f9904a4e2c3b0b015
Author: Jessica Lindee <jlindee@cs.utexas.edu>
Date:   Thu Oct 20 21:17:21 2016 -0500

    fix mobile

commit e1da1369198427ed02c31c0c4d1d3c5c7f227b14
Author: Seth Milligan <milligan@cs.utexas.edu>
Date:   Thu Oct 20 21:08:58 2016 -0500

    Fix sorting on tables

commit 0abe7a0e58f35c0e14a73a6fcdb905677fabca4c
Author: Seth Milligan <milligan@cs.utexas.edu>
Date:   Thu Oct 20 20:53:17 2016 -0500

    Add git log

commit 2677a078565ebb2007540fae44bcb2336be2aa61
Merge: e48cd4c 447f979
Author: Jessica Lindee <jlindee@cs.utexas.edu>
Date:   Thu Oct 20 20:47:10 2016 -0500

    Merge branch 'dev' of https://github.com/Sethalopod/cs373-idb into dev

commit e48cd4c05c769c2d9df06a0b0b48a71dc48edf71
Merge: a92421d be90123
Author: Jessica Lindee <jlindee@cs.utexas.edu>
Date:   Thu Oct 20 20:44:23 2016 -0500

    Merge branch 'pretty' of https://github.com/Sethalopod/cs373-idb into pretty

commit a92421d8d4fefeb302b576e8734f17da1116944b
Author: Jessica Lindee <jlindee@cs.utexas.edu>
Date:   Thu Oct 20 20:44:05 2016 -0500

    update commit count

commit 447f979ec3ae25fd025d42bdfa5f1d3b54e74f9e
Merge: a7342a3 464d978
Author: Zachary Gilkerson <zgilkerson@utexas.edu>
Date:   Thu Oct 20 20:43:52 2016 -0500

    Merge branch 'makefile' into dev

commit 464d9787232f2920fc397abd31e44b980aa9e4c9
Author: Zachary Gilkerson <zgilkerson@utexas.edu>
Date:   Thu Oct 20 20:39:56 2016 -0500

    whooo screw venv

commit be9012358b0b1c40a5c2cf8285adbdd10c8ec3ec
Merge: 27044bb bb30d2b
Author: Anthony Gallop <agallop@cs.utexas.edu>
Date:   Thu Oct 20 20:34:34 2016 -0500

    Merge branch 'pretty-anthony' into pretty

commit bb30d2b416a04d88d1b268d158783701ec070caa
Author: Anthony Gallop <agallop@cs.utexas.edu>
Date:   Thu Oct 20 20:32:07 2016 -0500

    Pretty navigation (I tried)

commit 27044bb1382a7a0e484084faf3892e319b5c8f1b
Author: Jessica Lindee <jlindee@cs.utexas.edu>
Date:   Thu Oct 20 20:30:59 2016 -0500

    Update issue count for each person

commit f3e395416bb03ddabc7bc308c01a2fa963003aed
Author: Jessica Lindee <jlindee@cs.utexas.edu>
Date:   Thu Oct 20 20:24:35 2016 -0500

    Update Alan's info on about page. Add info about scraping

commit 1f319d21a6499a096577e448089245101154f1dc
Author: Jessica Lindee <jlindee@cs.utexas.edu>
Date:   Thu Oct 20 20:07:41 2016 -0500

    Add more links to about page. update some info in about page (issues)

commit 62cdf1e826af0d5d8ee06b055515a5b0ea47618d
Merge: e85403d 6ac290f
Author: Zachary Gilkerson <zgilkerson@utexas.edu>
Date:   Thu Oct 20 19:54:11 2016 -0500

    Merge branch 'zach-info' into pretty

commit 6ac290f72c691699a0ba8d07e3042fd13204b7f4
Author: Zachary Gilkerson <zgilkerson@utexas.edu>
Date:   Thu Oct 20 19:53:12 2016 -0500

    zachary's info

commit e85403d454728c1612a48e4fa7fa7ff117f6e464
Author: Jessica Lindee <jlindee@cs.utexas.edu>
Date:   Thu Oct 20 19:52:02 2016 -0500

    Add data used to about page

commit 95a8551e31b330ddca1d1d26e81864f85f62982e
Author: Zachary Gilkerson <zgilkerson@utexas.edu>
Date:   Thu Oct 20 19:48:50 2016 -0500

    changed files

commit 69fc5ba4fc575819f63a3b9d8b648c71c39439b9
Author: Jessica Lindee <jlindee@cs.utexas.edu>
Date:   Thu Oct 20 19:44:59 2016 -0500

    Fix margin under navbar. Add img to homepage. Fix img sizes on ingredients.

commit 47ae0f0c80fe55753799a739cfc6451f5e03d225
Author: Zachary Gilkerson <zgilkerson@utexas.edu>
Date:   Thu Oct 20 19:35:19 2016 -0500

    added log file

commit 0671ef7b233014611337f1818fa407fdc4b50f50
Author: Zachary Gilkerson <zgilkerson@utexas.edu>
Date:   Thu Oct 20 19:29:08 2016 -0500

    fixed makefile

commit a7342a3dd67693c0e185568dbc854c3eb267f365
Author: Seth Milligan <milligan@cs.utexas.edu>
Date:   Thu Oct 20 19:03:03 2016 -0500

    Remove people information from db

commit a369b554c65b33a654722c5e7c3098f7f8528238
Merge: fa3ea30 7e090e8
Author: Seth Milligan <milligan@cs.utexas.edu>
Date:   Thu Oct 20 18:57:38 2016 -0500

    Merge branch 'dev' of https://github.com/Sethalopod/cs373-idb into dev

commit fa3ea30ba8a52918a6210d9846c3144455e7e5dc
Author: Seth Milligan <milligan@cs.utexas.edu>
Date:   Thu Oct 20 18:55:43 2016 -0500

    Add splash page

commit ed0d9a687d7c5d47aa72eb9bf661be2b67d81294
Author: Jessica Lindee <jlindee@cs.utexas.edu>
Date:   Thu Oct 20 16:48:17 2016 -0500

    update about info for Jessica

commit a0eb5d8bb54541381f5bf9538791bfffc088bd8c
Author: Zachary Gilkerson <zgilkerson@utexas.edu>
Date:   Thu Oct 20 16:43:07 2016 -0500

    makefile is failing for unknown reasons

commit 7e090e83f68411e582df882952e5a96707567e8c
Author: Zachary Gilkerson <zgilkerson@utexas.edu>
Date:   Thu Oct 20 15:52:08 2016 -0500

    hiding make test for now since they don't need to pass

commit dd2b4bfd6c40aed0be52354adec8e0dc4f16c509
Author: Anthony Gallop <agallop@cs.utexas.edu>
Date:   Thu Oct 20 14:29:01 2016 -0500

    style refactoring

commit 5ff6fba16e55f36cf54864baedc56cab4b64e2c3
Author: Anthony Gallop <agallop@cs.utexas.edu>
Date:   Thu Oct 20 06:10:45 2016 -0500

    Cozy About page

commit 3359fc1153c3e336b977cac60bb9080c150fa180
Author: Anthony Gallop <agallop@cs.utexas.edu>
Date:   Thu Oct 20 05:13:32 2016 -0500

    Joke about Angular here

commit c7591e31563733b43a77ecd1bd6c97a5a13aa432
Author: Anthony Gallop <agallop@cs.utexas.edu>
Date:   Thu Oct 20 04:57:11 2016 -0500

    Tools for tools

commit 9dba13746f29c3d5ceb4ecf00f62d37ae914efdd
Merge: 7d201fd 76f3c12
Author: Anthony Gallop <agallop@cs.utexas.edu>
Date:   Thu Oct 20 03:08:03 2016 -0500

    Merge branch 'web'
    
    Merging w/ web

commit 76f3c12399075b90363e6b662a82374041413b9a
Merge: e82f9ac 258890b
Author: Anthony Gallop <agallop@cs.utexas.edu>
Date:   Thu Oct 20 03:06:41 2016 -0500

    Merge remote-tracking branch 'origin/dev' into web

commit e82f9acb59d9930426d87630642f553146f2ffa8
Author: Anthony Gallop <agallop@cs.utexas.edu>
Date:   Thu Oct 20 01:53:31 2016 -0500

    Getting rid of hard coding is hard

commit 7d201fdcb9cde1145c4d877e984f5825ae12d90f
Author: Seth Milligan <milligan@cs.utexas.edu>
Date:   Wed Oct 19 22:59:47 2016 -0500

    Add static data and controllers

commit 8944f4f16162be70150b06092b702847c43c25f7
Author: Seth Milligan <milligan@cs.utexas.edu>
Date:   Wed Oct 19 22:59:24 2016 -0500

    Updated tables and info pages for recipes and ingredients

commit 21934abdb062efcea4ca7922b653ba922f3b36ba
Author: Seth Milligan <milligan@cs.utexas.edu>
Date:   Wed Oct 19 18:28:42 2016 -0500

    Fix spelling typo

commit 055adb89f090f7d94e5804e3c9154b25d201d80d
Author: Seth Milligan <milligan@cs.utexas.edu>
Date:   Wed Oct 19 18:24:10 2016 -0500

    Add data and templates for recipes and ingredients

commit b377db9242280634a14b5852d70818a080007eda
Author: Jessica Lindee <jlindee@cs.utexas.edu>
Date:   Wed Oct 19 18:01:28 2016 -0500

    Change style of member info in about page

commit 258890b14c1d19dd8d6713b562cbab605e27151b
Author: Seth Milligan <milligan@cs.utexas.edu>
Date:   Wed Oct 19 17:35:09 2016 -0500

    Update gitignore

commit 102a9deb484d91c7f226133b60a269735f68837d
Merge: 9123a9d 8a1b6b9
Author: Zachary Gilkerson <zgilkerson@utexas.edu>
Date:   Wed Oct 19 17:29:05 2016 -0500

    merged dev in

commit 9123a9d7db1d3e9038926cf46bc16de83bc5bf2e
Merge: 48429a5 79196fb
Author: Jessica Lindee <jlindee@cs.utexas.edu>
Date:   Wed Oct 19 17:26:45 2016 -0500

    Merge branch 'web' of https://github.com/Sethalopod/cs373-idb into web

commit 48429a5aa6cbd330881a13cf8aa5b0ead4547301
Author: Jessica Lindee <jlindee@cs.utexas.edu>
Date:   Wed Oct 19 17:26:39 2016 -0500

    Try to update formating of individual members

commit 79196fbe335216bdcbabeb23b8f88ad509f341be
Merge: f2826ea d7033b2
Author: Zachary Gilkerson <zgilkerson@utexas.edu>
Date:   Wed Oct 19 17:25:24 2016 -0500

    Merge branch 'web' of https://github.com/Sethalopod/cs373-idb into web

commit f2826ea202823b64724fad0e6f79357f2dd3debd
Author: Zachary Gilkerson <zgilkerson@utexas.edu>
Date:   Wed Oct 19 17:25:22 2016 -0500

    added travis

commit d7033b2d55f011451b5347b4740149753be567a0
Author: Seth Milligan <milligan@cs.utexas.edu>
Date:   Wed Oct 19 17:24:57 2016 -0500

    Add templates for recipes and ingredients

commit 9a485fa0a58b26f363686d26de0299acc7d8e3d6
Merge: 90c5ec7 50323c6
Author: Zachary Gilkerson <zgilkerson@utexas.edu>
Date:   Wed Oct 19 17:21:03 2016 -0500

    Merge branch 'master' of https://github.com/Sethalopod/cs373-idb into web

commit 90c5ec7a8ddbd7ac092c54a2cfce0d9333f4fd51
Author: Zachary Gilkerson <zgilkerson@utexas.edu>
Date:   Wed Oct 19 17:03:12 2016 -0500

    added Zachary

commit 50323c687d2192e041367e9a2cceb29d0bc5fb5a
Author: Seth Milligan <seth.milligan@gmail.com>
Date:   Wed Oct 19 16:49:15 2016 -0500

    Transferring API Description file from Apiary.io

commit bce03c661c974cba67ad311c66c4463a0cd8fafc
Author: Zachary Gilkerson <zgilkerson@utexas.edu>
Date:   Wed Oct 19 14:26:13 2016 -0500

    possible fix to pathing problem

commit a25faebdf618b60b8269a5ce12ce3b3703b2970b
Author: Alan Ma <alanma0907@utexas.edu>
Date:   Wed Oct 19 09:45:06 2016 -0500

    removed two rowsrequirement specified only three

commit e5bbddbedda31d0fe3b676ec16de73f32ab6e0c0
Author: Alan Ma <alanma0907@utexas.edu>
Date:   Wed Oct 19 09:40:54 2016 -0500

    forgot to add landing page

commit 08e0f456943452349ab1ab68ecead845d89cf3f9
Author: Alan Ma <alanma0907@utexas.edu>
Date:   Wed Oct 19 09:40:37 2016 -0500

    bad splash page because no time spook

commit ba8b47c6f2fcb8cc363eb2d12a497216219d126d
Author: Alan Ma <alanma0907@utexas.edu>
Date:   Wed Oct 19 09:11:20 2016 -0500

    nicer cusine detail format

commit abb3e5fd6380f94f0a0024fa851fe1ec617e53a9
Author: Alan Ma <alanma0907@utexas.edu>
Date:   Wed Oct 19 09:05:09 2016 -0500

    added image urls

commit 05b79e102032962e8c85f132ab45a821d86ad474
Author: Alan Ma <alanma0907@utexas.edu>
Date:   Wed Oct 19 08:53:22 2016 -0500

    Created service for cuisine details page

commit 3caddb6ca71a9d79adafcb0edf847a92d5bc6a77
Author: Alan Ma <alanma0907@utexas.edu>
Date:   Wed Oct 19 07:52:22 2016 -0500

    Catch all url so any routes to index

commit d651bbb93a2707802b70aab8d7eae3eb1a35b07f
Author: Alan Ma <alanma0907@utexas.edu>
Date:   Wed Oct 19 07:51:43 2016 -0500

    Made service to return n dummy cache data

commit 27788f652495a021b04c23f3c8f5fc4c3ebe7f30
Author: Alan Ma <alanma0907@utexas.edu>
Date:   Wed Oct 19 07:16:42 2016 -0500

    added font awesome

commit 2d0ffbd99bbdcf4033ed790bb84431ce7f615b54
Author: Alan Ma <alanma0907@utexas.edu>
Date:   Wed Oct 19 07:16:09 2016 -0500

    cuisine table is sortable

commit b58e184894451b81dc179c221364b3e6a6f7ef61
Merge: fabe352 8150a93
Author: Alan Ma <alanma0907@utexas.edu>
Date:   Wed Oct 19 06:02:33 2016 -0500

    fix merge

commit fabe352dc0237b00b370dcff18bc7e44f8fc4cd3
Author: Alan Ma <alanma0907@utexas.edu>
Date:   Wed Oct 19 06:00:09 2016 -0500

    move away from server-side templates to client-side templates

commit 8150a93792f97806ab830da6dd4d3dccc216f9c3
Author: Jessica Lindee <jlindee@cs.utexas.edu>
Date:   Wed Oct 19 03:29:07 2016 -0500

    WE gon home

commit 231e727efe42dcdeadd0f8e36649bfc3d3b5f59b
Author: Jessica Lindee <jlindee@cs.utexas.edu>
Date:   Wed Oct 19 03:07:16 2016 -0500

    Add updated styles file

commit 71efa873cffac797eab84c0ce0f12735c5be7fe3
Merge: a850027 fe87668
Author: Jessica Lindee <jlindee@cs.utexas.edu>
Date:   Wed Oct 19 03:06:29 2016 -0500

    fix merge conflict

commit a850027508a9b106719ffa6ea4782288ee0c4f30
Author: Jessica Lindee <jlindee@cs.utexas.edu>
Date:   Wed Oct 19 03:03:09 2016 -0500

    Change the format style in about.html

commit fe87668b1ad9b357300b80f406b9485351f52d97
Merge: 55944a9 3d3fa32
Author: Alan Ma <alanma0907@utexas.edu>
Date:   Wed Oct 19 01:35:14 2016 -0500

    merge issue

commit 55944a972c1b57885a12414ae266df838d1c8355
Author: Alan Ma <alanma0907@utexas.edu>
Date:   Wed Oct 19 01:18:58 2016 -0500

    templated pages

commit 3d3fa32a394b28b56581262691648e7d38e7f5da
Author: Jessica Lindee <jlindee@cs.utexas.edu>
Date:   Wed Oct 19 00:28:25 2016 -0500

    change formatting. add tools/data columns. add Anthony Jessica pics

commit e3b5b137a448c9523c2ba9dcb892264cb68ce11d
Author: Anthony Gallop <agallop@cs.utexas.edu>
Date:   Tue Oct 18 23:28:10 2016 -0500

    Spooky scary about page

commit 8a1b6b9a536a48ac2c6fbe7151b70f999e6c37fc
Author: Seth Milligan <milligan@cs.utexas.edu>
Date:   Tue Oct 18 22:01:24 2016 -0500

    Add documentation for models

commit 69d31550ae3ebe38b34ac8a43e4e8e008b768aca
Author: Seth Milligan <milligan@cs.utexas.edu>
Date:   Tue Oct 18 11:34:18 2016 -0500

    Update .gitignore

commit f63ddc3d435e0c1e5ec393812ea89f9752e7ac27
Merge: e1869e9 b84ce8b
Author: Seth Milligan <milligan@cs.utexas.edu>
Date:   Tue Oct 18 11:17:53 2016 -0500

    Merge branch 'dev' of https://github.com/Sethalopod/cs373-idb into dev

commit e1869e9aa0a01a2c327630e6274992090b877f0e
Author: Seth Milligan <milligan@cs.utexas.edu>
Date:   Tue Oct 18 11:16:40 2016 -0500

    Add tests for database models

commit 790967155f3e528669625ed717f8fc5072cf59ad
Author: Seth Milligan <milligan@cs.utexas.edu>
Date:   Tue Oct 18 11:16:19 2016 -0500

    Add database models built in sqlAlchemy

commit 545c1bf507ceb9b7fb01d22ec9af29850e16a570
Author: Jessica Lindee <jlindee@cs.utexas.edu>
Date:   Tue Oct 18 02:48:52 2016 -0500

    Put in test info for about page. Needs some work

commit 2c648b0f6ecc11aceaf3c0e90bd1d6bcd57fa9b4
Author: Jessica Lindee <jlindee@cs.utexas.edu>
Date:   Tue Oct 18 00:36:29 2016 -0500

    Build structure for about page (more test apples)

commit efbc5bc998960a6d01c8d8535f6064ff222f858a
Author: Jessica Lindee <jlindee@cs.utexas.edu>
Date:   Mon Oct 17 17:40:22 2016 -0500

    Starting layout of the about page. Includes test apple.

commit f5daa7441b953bf1da0c803a737028c477cc35f4
Author: Anthony Gallop <agallop@cs.utexas.edu>
Date:   Mon Oct 17 16:48:48 2016 -0500

    Fending off hackers

commit 760669fed90c039481cb7d9807551623943b00ae
Merge: 4f1f157 c0f9ef2
Author: Anthony Gallop <agallop@cs.utexas.edu>
Date:   Mon Oct 17 16:31:05 2016 -0500

    Merge branch 'web' of https://github.com/Sethalopod/cs373-idb into web
    
    Because we must!

commit 4f1f157d6de84bc44b8340096e929afb677bbf44
Author: Anthony Gallop <agallop@cs.utexas.edu>
Date:   Mon Oct 17 16:30:36 2016 -0500

    Table pages

commit c0f9ef211cfd43a552775bdd5fb388c555750232
Author: Zachary Gilkerson <zgilkerson@utexas.edu>
Date:   Mon Oct 17 16:18:57 2016 -0500

    :spook:

commit 2392a6ab6b9fd9a127fd4a9d3f789709fc09619a
Merge: 1a094e3 91972ef
Author: Jessica Lindee <jlindee@cs.utexas.edu>
Date:   Mon Oct 17 16:12:57 2016 -0500

    Start ingredients table

commit 1a094e33e5cd2ba4a2c01b2d2c932a751ad381b1
Author: Jessica Lindee <jlindee@cs.utexas.edu>
Date:   Mon Oct 17 16:10:33 2016 -0500

    Start table for ingredients

commit 91972efb5d33b92ef7fd456bc1f1856cf346807d
Author: Zachary Gilkerson <zgilkerson@utexas.edu>
Date:   Mon Oct 17 15:46:35 2016 -0500

    created script /shrug

commit fd47a38076002d91568d763fd89e166598380f0c
Author: Zachary Gilkerson <zgilkerson@utexas.edu>
Date:   Mon Oct 17 15:18:31 2016 -0500

    oops body

commit 787fc8e43cdd98f74d913550b4699379733420d2
Author: Zachary Gilkerson <zgilkerson@utexas.edu>
Date:   Mon Oct 17 15:09:12 2016 -0500

    created the nav bar header file and modified other files to refer to it

commit b84ce8b1734dfd5a117234299f08c1be29235789
Author: Zachary Gilkerson <zgilkerson@utexas.edu>
Date:   Mon Oct 17 14:27:15 2016 -0500

    added travis

commit 2b4c0dc217b4cc649900cf59d5c35f4b5c25d1c0
Merge: bd8fc9f 1afddd7
Author: Zachary Gilkerson <zgilkerson@utexas.edu>
Date:   Mon Oct 17 14:20:28 2016 -0500

    pulled master into web

commit 1afddd76af8c76929bf3b5f724a96f1606ac716d
Author: Alan Ma <alanma0907@utexas.edu>
Date:   Mon Oct 17 01:30:42 2016 +0000

    add requirements for local testing

commit 4efd11c5e007b4fddd5f2bb2638b1b61f6d979c2
Author: Alan Ma <alanma0907@utexas.edu>
Date:   Mon Oct 17 01:25:12 2016 +0000

    setup apache and flask

commit bd8fc9fd72a18c26ad2a29297bd253df1c3bee97
Author: Anthony Gallop <agallop@cs.utexas.edu>
Date:   Sun Oct 16 17:54:03 2016 -0500

    WEB DOWN

commit 74b5840c332a092bd607bbdb8cf9b4556eec71ec
Author: Jessica Lindee <jlindee@cs.utexas.edu>
Date:   Sun Oct 16 17:33:53 2016 -0500

    add app folder

commit 011db2f5bf08479115979c889154f6238e3d7624
Author: Anthony Gallop <agallop@cs.utexas.edu>
Date:   Sun Oct 16 16:57:44 2016 -0500

    Thes boots are made for walking

commit c1bc934f6ea320ea34c280daec35feea9d869db0
Author: Anthony Gallop <agallop@cs.utexas.edu>
Date:   Sun Oct 16 16:11:24 2016 -0500

    Bootstrap strapped in

commit add8d69616314170ce5804815fd08e4fc5386fb3
Author: Alan <alanma0907@utexas.edu>
Date:   Sun Oct 16 19:39:43 2016 +0000

    forgot to add

commit ffcd4fc2ce3281a28e8572c72536d55cf8b11a19
Author: Seth Milligan <Sethalopod@users.noreply.github.com>
Date:   Sun Oct 16 14:21:15 2016 -0500

    Add UML diagram of our model

commit 764a85375d608b163b89c8abf52c41e5d7c08b2c
Author: Seth Milligan <seth.milligan@gmail.com>
Date:   Sun Oct 16 13:47:34 2016 -0500

    Transferring API Description file from Apiary.io

commit ea5263bc5fc93eef685ca51f75b0e83232a550d2
Author: Seth Milligan <Sethalopod@users.noreply.github.com>
Date:   Sun Oct 16 13:46:28 2016 -0500

    Add .gitignore
